<?xml version="1.0" encoding="UTF-8"?>
<testsuite xmlns:xsi="http://www.w3.org/2001/XMLSchema-instance" xsi:noNamespaceSchemaLocation="https://maven.apache.org/surefire/maven-surefire-plugin/xsd/surefire-test-report-3.0.xsd" version="3.0" name="drools.project.a.RuleTest" time="0.818" tests="1" errors="1" skipped="0" failures="0">
  <properties>
[...]
</properties>
  <testcase name="test" classname="drools.project.a.RuleTest" time="0.741">
    <error message="Cannot find a default KieBase" type="java.lang.RuntimeException">java.lang.RuntimeException: Cannot find a default KieBase
	at drools.project.a.RuleTest.test(RuleTest.java:57)
</error>
    <system-out><![CDATA[2019-10-02 12:30:11,339 INFO  [org.kie.api.internal.utils.ServiceDiscoveryImpl] (main) Loading kie.conf from  
2019-10-02 12:30:11,340 INFO  [org.kie.api.internal.utils.ServiceDiscoveryImpl] (main) Discovered kie.conf url=jar:file:/home/kh/.m2/repository/org/drools/drools-compiler/7.7.0.Final/drools-compiler-7.7.0.Final.jar!/META-INF/kie.conf 
2019-10-02 12:30:11,349 INFO  [org.kie.api.internal.utils.ServiceDiscoveryImpl] (main) Adding Service org.drools.compiler.kie.builder.impl.KieServicesImpl

2019-10-02 12:30:11,353 INFO  [org.kie.api.internal.utils.ServiceDiscoveryImpl] (main) Adding Service org.drools.compiler.builder.impl.KnowledgeBuilderFactoryServiceImpl

2019-10-02 12:30:11,354 INFO  [org.kie.api.internal.utils.ServiceDiscoveryImpl] (main) Loading kie.conf from  
2019-10-02 12:30:11,355 INFO  [org.kie.api.internal.utils.ServiceDiscoveryImpl] (main) Discovered kie.conf url=jar:file:/home/kh/.m2/repository/org/drools/drools-core/7.7.0.Final/drools-core-7.7.0.Final.jar!/META-INF/kie.conf 
2019-10-02 12:30:11,358 INFO  [org.kie.api.internal.utils.ServiceDiscoveryImpl] (main) Adding Service org.drools.core.io.impl.ResourceFactoryServiceImpl

2019-10-02 12:30:11,360 INFO  [org.kie.api.internal.utils.ServiceDiscoveryImpl] (main) Adding Service org.drools.core.marshalling.impl.MarshallerProviderImpl

2019-10-02 12:30:11,360 INFO  [org.kie.api.internal.utils.ServiceDiscoveryImpl] (main) Adding Service org.drools.core.concurrent.ExecutorProviderImpl

2019-10-02 12:30:11,360 INFO  [org.kie.api.internal.utils.ServiceDiscoveryImpl] (main) Loading kie.conf from  
2019-10-02 12:30:11,361 INFO  [org.kie.api.internal.utils.ServiceDiscoveryImpl] (main) Discovered kie.conf url=jar:file:/home/kh/.m2/repository/org/kie/kie-internal/7.7.0.Final/kie-internal-7.7.0.Final.jar!/META-INF/kie.conf 
2019-10-02 12:30:11,362 INFO  [org.kie.api.internal.utils.ServiceDiscoveryImpl] (main) Adding Service org.kie.internal.services.KieWeaversImpl

2019-10-02 12:30:11,363 INFO  [org.kie.api.internal.utils.ServiceDiscoveryImpl] (main) Adding Service org.kie.internal.services.KieBeliefsImpl

2019-10-02 12:30:11,364 INFO  [org.kie.api.internal.utils.ServiceDiscoveryImpl] (main) Adding Service org.kie.internal.services.KieAssemblersImpl

2019-10-02 12:30:11,366 INFO  [org.kie.api.internal.utils.ServiceDiscoveryImpl] (main) Adding Service org.kie.internal.services.KieRuntimesImpl

2019-10-02 12:30:11,388 INFO  [org.drools.compiler.kie.builder.impl.ClasspathKieProject] (main) Found kmodule: file:/home/kh/develop/scratch/multiple-kjars/drools-project-a/target/classes/META-INF/kmodule.xml
2019-10-02 12:30:11,575 WARN  [org.drools.compiler.kie.builder.impl.ClasspathKieProject] (main) Unable to find pom.properties in /home/kh/develop/scratch/multiple-kjars/drools-project-a/target/classes
2019-10-02 12:30:11,580 INFO  [org.drools.compiler.kie.builder.impl.ClasspathKieProject] (main) Recursed up folders, found and used pom.xml /home/kh/develop/scratch/multiple-kjars/drools-project-a/pom.xml
2019-10-02 12:30:11,585 INFO  [org.drools.compiler.kie.builder.impl.KieRepositoryImpl] (main) KieModule was added: FileKieModule[releaseId=com.example:drools-project-a:1.0-SNAPSHOT,file=/home/kh/develop/scratch/multiple-kjars/drools-project-a/target/classes]
2019-10-02 12:30:11,585 INFO  [org.drools.compiler.kie.builder.impl.ClasspathKieProject] (main) Found kmodule: jar:file:/home/kh/.m2/repository/com/example/drools-project-b/1.0-SNAPSHOT/drools-project-b-1.0-SNAPSHOT.jar!/META-INF/kmodule.xml
2019-10-02 12:30:11,593 INFO  [org.drools.compiler.kie.builder.impl.KieRepositoryImpl] (main) KieModule was added: ZipKieModule[releaseId=com.example:drools-project-b:1.0-SNAPSHOT,file=/home/kh/.m2/repository/com/example/drools-project-b/1.0-SNAPSHOT/drools-project-b-1.0-SNAPSHOT.jar]
2019-10-02 12:30:11,593 WARN  [org.drools.compiler.kie.builder.impl.KieProject] (main) Found more than one default KieBase: disabling all. KieBases will be accessible only by name
2019-10-02 12:30:11,593 WARN  [org.drools.compiler.kie.builder.impl.KieProject] (main) Found more than one default StatelessKieSession: disabling all. StatelessKieSessions will be accessible only by name
2019-10-02 12:30:11,593 WARN  [org.drools.compiler.kie.builder.impl.KieProject] (main) Found more than one default KieSession: disabling all. KieSessions will be accessible only by name
2019-10-02 12:30:12,071 INFO  [drools.project.a.RuleTest] (main) Creating kieBase
]]></system-out>
  </testcase>
</testsuite>